===== Dial.exe,2012-10-13 14:19:41 =====

     ©исц╣ьж╥©у╪Д : 1024 KB(1048576 Byte)
       н╢лА╫╩╡©╥ж : 960 KB(983040 Byte)
       рялА╫╩╡©╥ж : 64 KB(65536 Byte)
         ©уоп╡©╥ж : 56 KB(58112 Byte)
       ря╥жеД╡©╥ж : 6 KB(6392 Byte)
 х╚╡©п║©уопдз╢Ф©И : 4 KB(4668 Byte)
 х╚╡©╢С©уопдз╢Ф©И : 52 KB(53444 Byte)
   фДкЭн╢сцдз╢Ф©И : 0 KB(0 Byte)
   дз╢Ф╧эюМфВоШ╨д : 1 KB(1032 Byte)
     ╣ьж╥©у╪ДтьхК : 0%

╣╠г╟ЁЖож -4 ╢╕дз╢Фб╘╤╢ :
   0) 00000000009C22F8 -   23($0017)вж╫з - ╡╩йг╤тоС
   1) 00000000009C2574 -   23($0017)вж╫з - ╡╩йг╤тоС
   2) 00000000009C2588 -   22($0016)вж╫з - ╡╩йг╤тоС
   3) 00000000009C3C3C -  119($0077)вж╫з - ╡╩йг╤тоС
   4) 00000000009C1E74 -   23($0017)вж╫з - ╡╩йг╤тоС
   5) 00000000009C6BF8 -  119($0077)вж╫з - ╡╩йг╤тоС
   6) 00000000009CB854 -   23($0017)вж╫з - ╡╩йг╤тоС
   7) 00000000009CB8F4 -   51($0033)вж╫з - ╡╩йг╤тоС
   8) 00000000009CB924 -   58($003A)вж╫з - ╡╩йг╤тоС
   9) 00000000009C4378 -   55($0037)вж╫з - ╡╩йг╤тоС
  10) 00000000009CDC08 -   31($001F)вж╫з - ╡╩йг╤тоС

===== Dial.exe,2012-10-13 14:28:16 =====

     ©исц╣ьж╥©у╪Д : 1024 KB(1048576 Byte)
       н╢лА╫╩╡©╥ж : 960 KB(983040 Byte)
       рялА╫╩╡©╥ж : 64 KB(65536 Byte)
         ©уоп╡©╥ж : 56 KB(58112 Byte)
       ря╥жеД╡©╥ж : 6 KB(6392 Byte)
 х╚╡©п║©уопдз╢Ф©И : 4 KB(4668 Byte)
 х╚╡©╢С©уопдз╢Ф©И : 52 KB(53444 Byte)
   фДкЭн╢сцдз╢Ф©И : 0 KB(0 Byte)
   дз╢Ф╧эюМфВоШ╨д : 1 KB(1032 Byte)
     ╣ьж╥©у╪ДтьхК : 0%

╣╠г╟ЁЖож -4 ╢╕дз╢Фб╘╤╢ :
   0) 00000000009C22F8 -   23($0017)вж╫з - ╡╩йг╤тоС
   1) 00000000009C2574 -   23($0017)вж╫з - ╡╩йг╤тоС
   2) 00000000009C2588 -   22($0016)вж╫з - ╡╩йг╤тоС
   3) 00000000009C3C3C -  119($0077)в
===== Dial.exe,2012-10-13 15:14:30 =====

     ©исц╣ьж╥©у╪Д : 1024 KB(1048576 Byte)
       н╢лА╫╩╡©╥ж : 960 KB(983040 Byte)
       рялА╫╩╡©╥ж : 64 KB(65536 Byte)
         ©уоп╡©╥ж : 56 KB(58112 Byte)
       ря╥жеД╡©╥ж : 6 KB(6392 Byte)
 х╚╡©п║©уопдз╢Ф©И : 4 KB(4668 Byte)
 х╚╡©╢С©уопдз╢Ф©И : 52 KB(53444 Byte)
   фДкЭн╢сцдз╢Ф©И : 0 KB(0 Byte)
   дз╢Ф╧эюМфВоШ╨д : 1 KB(1032 Byte)
     ╣ьж╥©у╪ДтьхК : 0%

╣╠г╟ЁЖож -4 ╢╕дз╢Фб╘╤╢ :
   0) 00000000009C22F8 -   23($0017)вж╫з - ╡╩йг╤тоС
   1) 00000000009C2574 -   23($0017)вж╫з - ╡╩йг╤тоС
   2) 00000000009C2588 -   22($0016)вж╫з - ╡╩йг╤тоС
   3) 00000000009C3C3C -  119($0077)вж╫з - ╡╩йг╤тоС
   4) 00000000009C1E74 -   23($0017)вж╫з - ╡╩йг╤тоС
   5) 00000000009C6BF8 -  119($0077)вж╫з - ╡╩йг╤тоС
   6) 00000000009CB854 -   23($0017)вж╫з - ╡╩йг╤тоС
   7) 00000000009CB8F4 -   51($0033)вж╫з - ╡╩йг╤тоС
   8) 00000000009CB924 -   58($003A)вж╫з - ╡╩йг╤тоС
   9) 00000000009C4378 -   55($0037)вж╫з - ╡╩йг╤тоС
  10) 00000000009CDC08 -   31($001F)вж╫з - ╡╩йг╤тоС
